Performing C SOURCE FILE Test CMAKE_HAVE_LIBC_PTHREAD failed with the following output:
Change Dir: /home/sahu27/Software_Development/Week2/Accelerated_Cpp_4_7/build/CMakeFiles/CMakeTmp

Run Build Command(s):/usr/bin/make cmTC_737db/fast && /usr/bin/make -f CMakeFiles/cmTC_737db.dir/build.make CMakeFiles/cmTC_737db.dir/build
make[1]: Entering directory '/home/sahu27/Software_Development/Week2/Accelerated_Cpp_4_7/build/CMakeFiles/CMakeTmp'
Building C object CMakeFiles/cmTC_737db.dir/src.c.o
/usr/bin/cc   -DCMAKE_HAVE_LIBC_PTHREAD   -o CMakeFiles/cmTC_737db.dir/src.c.o   -c /home/sahu27/Software_Development/Week2/Accelerated_Cpp_4_7/build/CMakeFiles/CMakeTmp/src.c
Linking C executable cmTC_737db
/usr/bin/cmake -E cmake_link_script CMakeFiles/cmTC_737db.dir/link.txt --verbose=1
/usr/bin/cc  -DCMAKE_HAVE_LIBC_PTHREAD    -rdynamic CMakeFiles/cmTC_737db.dir/src.c.o  -o cmTC_737db 
/usr/bin/ld: CMakeFiles/cmTC_737db.dir/src.c.o: in function `main':
src.c:(.text+0x46): undefined reference to `pthread_create'
/usr/bin/ld: src.c:(.text+0x52): undefined reference to `pthread_detach'
/usr/bin/ld: src.c:(.text+0x63): undefined reference to `pthread_join'
collect2: error: ld returned 1 exit status
make[1]: *** [CMakeFiles/cmTC_737db.dir/build.make:87: cmTC_737db] Error 1
make[1]: Leaving directory '/home/sahu27/Software_Development/Week2/Accelerated_Cpp_4_7/build/CMakeFiles/CMakeTmp'
make: *** [Makefile:121: cmTC_737db/fast] Error 2


Source file was:
#include <pthread.h>

void* test_func(void* data)
{
  return data;
}

int main(void)
{
  pthread_t thread;
  pthread_create(&thread, NULL, test_func, NULL);
  pthread_detach(thread);
  pthread_join(thread, NULL);
  pthread_atfork(NULL, NULL, NULL);
  pthread_exit(NULL);

  return 0;
}

Determining if the function pthread_create exists in the pthreads failed with the following output:
Change Dir: /home/sahu27/Software_Development/Week2/Accelerated_Cpp_4_7/build/CMakeFiles/CMakeTmp

Run Build Command(s):/usr/bin/make cmTC_63415/fast && /usr/bin/make -f CMakeFiles/cmTC_63415.dir/build.make CMakeFiles/cmTC_63415.dir/build
make[1]: Entering directory '/home/sahu27/Software_Development/Week2/Accelerated_Cpp_4_7/build/CMakeFiles/CMakeTmp'
Building C object CMakeFiles/cmTC_63415.dir/CheckFunctionExists.c.o
/usr/bin/cc   -DCHECK_FUNCTION_EXISTS=pthread_create   -o CMakeFiles/cmTC_63415.dir/CheckFunctionExists.c.o   -c /usr/share/cmake-3.16/Modules/CheckFunctionExists.c
Linking C executable cmTC_63415
/usr/bin/cmake -E cmake_link_script CMakeFiles/cmTC_63415.dir/link.txt --verbose=1
/usr/bin/cc  -DCHECK_FUNCTION_EXISTS=pthread_create    -rdynamic CMakeFiles/cmTC_63415.dir/CheckFunctionExists.c.o  -o cmTC_63415  -lpthreads 
/usr/bin/ld: cannot find -lpthreads
collect2: error: ld returned 1 exit status
make[1]: *** [CMakeFiles/cmTC_63415.dir/build.make:87: cmTC_63415] Error 1
make[1]: Leaving directory '/home/sahu27/Software_Development/Week2/Accelerated_Cpp_4_7/build/CMakeFiles/CMakeTmp'
make: *** [Makefile:121: cmTC_63415/fast] Error 2



Performing C SOURCE FILE Test CMAKE_HAVE_LIBC_PTHREAD failed with the following output:
Change Dir: /home/sahu27/Software_Development/Week2/Accelerated_Cpp_4_7/build/CMakeFiles/CMakeTmp

Run Build Command(s):/usr/bin/make cmTC_921a6/fast && /usr/bin/make -f CMakeFiles/cmTC_921a6.dir/build.make CMakeFiles/cmTC_921a6.dir/build
make[1]: Entering directory '/home/sahu27/Software_Development/Week2/Accelerated_Cpp_4_7/build/CMakeFiles/CMakeTmp'
Building C object CMakeFiles/cmTC_921a6.dir/src.c.o
/usr/bin/cc   -DCMAKE_HAVE_LIBC_PTHREAD   -o CMakeFiles/cmTC_921a6.dir/src.c.o   -c /home/sahu27/Software_Development/Week2/Accelerated_Cpp_4_7/build/CMakeFiles/CMakeTmp/src.c
Linking C executable cmTC_921a6
/usr/bin/cmake -E cmake_link_script CMakeFiles/cmTC_921a6.dir/link.txt --verbose=1
/usr/bin/cc  -DCMAKE_HAVE_LIBC_PTHREAD    -rdynamic CMakeFiles/cmTC_921a6.dir/src.c.o  -o cmTC_921a6 
/usr/bin/ld: CMakeFiles/cmTC_921a6.dir/src.c.o: in function `main':
src.c:(.text+0x46): undefined reference to `pthread_create'
/usr/bin/ld: src.c:(.text+0x52): undefined reference to `pthread_detach'
/usr/bin/ld: src.c:(.text+0x63): undefined reference to `pthread_join'
collect2: error: ld returned 1 exit status
make[1]: *** [CMakeFiles/cmTC_921a6.dir/build.make:87: cmTC_921a6] Error 1
make[1]: Leaving directory '/home/sahu27/Software_Development/Week2/Accelerated_Cpp_4_7/build/CMakeFiles/CMakeTmp'
make: *** [Makefile:121: cmTC_921a6/fast] Error 2


Source file was:
#include <pthread.h>

void* test_func(void* data)
{
  return data;
}

int main(void)
{
  pthread_t thread;
  pthread_create(&thread, NULL, test_func, NULL);
  pthread_detach(thread);
  pthread_join(thread, NULL);
  pthread_atfork(NULL, NULL, NULL);
  pthread_exit(NULL);

  return 0;
}

Determining if the function pthread_create exists in the pthreads failed with the following output:
Change Dir: /home/sahu27/Software_Development/Week2/Accelerated_Cpp_4_7/build/CMakeFiles/CMakeTmp

Run Build Command(s):/usr/bin/make cmTC_11ecd/fast && /usr/bin/make -f CMakeFiles/cmTC_11ecd.dir/build.make CMakeFiles/cmTC_11ecd.dir/build
make[1]: Entering directory '/home/sahu27/Software_Development/Week2/Accelerated_Cpp_4_7/build/CMakeFiles/CMakeTmp'
Building C object CMakeFiles/cmTC_11ecd.dir/CheckFunctionExists.c.o
/usr/bin/cc   -DCHECK_FUNCTION_EXISTS=pthread_create   -o CMakeFiles/cmTC_11ecd.dir/CheckFunctionExists.c.o   -c /usr/share/cmake-3.16/Modules/CheckFunctionExists.c
Linking C executable cmTC_11ecd
/usr/bin/cmake -E cmake_link_script CMakeFiles/cmTC_11ecd.dir/link.txt --verbose=1
/usr/bin/cc  -DCHECK_FUNCTION_EXISTS=pthread_create    -rdynamic CMakeFiles/cmTC_11ecd.dir/CheckFunctionExists.c.o  -o cmTC_11ecd  -lpthreads 
/usr/bin/ld: cannot find -lpthreads
collect2: error: ld returned 1 exit status
make[1]: *** [CMakeFiles/cmTC_11ecd.dir/build.make:87: cmTC_11ecd] Error 1
make[1]: Leaving directory '/home/sahu27/Software_Development/Week2/Accelerated_Cpp_4_7/build/CMakeFiles/CMakeTmp'
make: *** [Makefile:121: cmTC_11ecd/fast] Error 2



