Performing C SOURCE FILE Test CMAKE_HAVE_LIBC_PTHREAD failed with the following output:
Change Dir: /home/sahu27/Software_Development/Week3/Software_Engineering_9_4/build/CMakeFiles/CMakeTmp

Run Build Command(s):/usr/bin/make cmTC_bc7d1/fast && /usr/bin/make -f CMakeFiles/cmTC_bc7d1.dir/build.make CMakeFiles/cmTC_bc7d1.dir/build
make[1]: Entering directory '/home/sahu27/Software_Development/Week3/Software_Engineering_9_4/build/CMakeFiles/CMakeTmp'
Building C object CMakeFiles/cmTC_bc7d1.dir/src.c.o
/usr/bin/cc   -DCMAKE_HAVE_LIBC_PTHREAD   -o CMakeFiles/cmTC_bc7d1.dir/src.c.o   -c /home/sahu27/Software_Development/Week3/Software_Engineering_9_4/build/CMakeFiles/CMakeTmp/src.c
Linking C executable cmTC_bc7d1
/usr/bin/cmake -E cmake_link_script CMakeFiles/cmTC_bc7d1.dir/link.txt --verbose=1
/usr/bin/cc  -DCMAKE_HAVE_LIBC_PTHREAD    -rdynamic CMakeFiles/cmTC_bc7d1.dir/src.c.o  -o cmTC_bc7d1 
/usr/bin/ld: CMakeFiles/cmTC_bc7d1.dir/src.c.o: in function `main':
src.c:(.text+0x46): undefined reference to `pthread_create'
/usr/bin/ld: src.c:(.text+0x52): undefined reference to `pthread_detach'
/usr/bin/ld: src.c:(.text+0x63): undefined reference to `pthread_join'
collect2: error: ld returned 1 exit status
make[1]: *** [CMakeFiles/cmTC_bc7d1.dir/build.make:87: cmTC_bc7d1] Error 1
make[1]: Leaving directory '/home/sahu27/Software_Development/Week3/Software_Engineering_9_4/build/CMakeFiles/CMakeTmp'
make: *** [Makefile:121: cmTC_bc7d1/fast] Error 2


Source file was:
#include <pthread.h>

void* test_func(void* data)
{
  return data;
}

int main(void)
{
  pthread_t thread;
  pthread_create(&thread, NULL, test_func, NULL);
  pthread_detach(thread);
  pthread_join(thread, NULL);
  pthread_atfork(NULL, NULL, NULL);
  pthread_exit(NULL);

  return 0;
}

Determining if the function pthread_create exists in the pthreads failed with the following output:
Change Dir: /home/sahu27/Software_Development/Week3/Software_Engineering_9_4/build/CMakeFiles/CMakeTmp

Run Build Command(s):/usr/bin/make cmTC_3ad10/fast && /usr/bin/make -f CMakeFiles/cmTC_3ad10.dir/build.make CMakeFiles/cmTC_3ad10.dir/build
make[1]: Entering directory '/home/sahu27/Software_Development/Week3/Software_Engineering_9_4/build/CMakeFiles/CMakeTmp'
Building C object CMakeFiles/cmTC_3ad10.dir/CheckFunctionExists.c.o
/usr/bin/cc   -DCHECK_FUNCTION_EXISTS=pthread_create   -o CMakeFiles/cmTC_3ad10.dir/CheckFunctionExists.c.o   -c /usr/share/cmake-3.16/Modules/CheckFunctionExists.c
Linking C executable cmTC_3ad10
/usr/bin/cmake -E cmake_link_script CMakeFiles/cmTC_3ad10.dir/link.txt --verbose=1
/usr/bin/cc  -DCHECK_FUNCTION_EXISTS=pthread_create    -rdynamic CMakeFiles/cmTC_3ad10.dir/CheckFunctionExists.c.o  -o cmTC_3ad10  -lpthreads 
/usr/bin/ld: cannot find -lpthreads
collect2: error: ld returned 1 exit status
make[1]: *** [CMakeFiles/cmTC_3ad10.dir/build.make:87: cmTC_3ad10] Error 1
make[1]: Leaving directory '/home/sahu27/Software_Development/Week3/Software_Engineering_9_4/build/CMakeFiles/CMakeTmp'
make: *** [Makefile:121: cmTC_3ad10/fast] Error 2



Performing C SOURCE FILE Test CMAKE_HAVE_LIBC_PTHREAD failed with the following output:
Change Dir: /home/sahu27/Software_Development/Week3/Software_Engineering_9_4/build/CMakeFiles/CMakeTmp

Run Build Command(s):/usr/bin/make cmTC_baafd/fast && /usr/bin/make -f CMakeFiles/cmTC_baafd.dir/build.make CMakeFiles/cmTC_baafd.dir/build
make[1]: Entering directory '/home/sahu27/Software_Development/Week3/Software_Engineering_9_4/build/CMakeFiles/CMakeTmp'
Building C object CMakeFiles/cmTC_baafd.dir/src.c.o
/usr/bin/cc   -DCMAKE_HAVE_LIBC_PTHREAD   -o CMakeFiles/cmTC_baafd.dir/src.c.o   -c /home/sahu27/Software_Development/Week3/Software_Engineering_9_4/build/CMakeFiles/CMakeTmp/src.c
Linking C executable cmTC_baafd
/usr/bin/cmake -E cmake_link_script CMakeFiles/cmTC_baafd.dir/link.txt --verbose=1
/usr/bin/cc  -DCMAKE_HAVE_LIBC_PTHREAD    -rdynamic CMakeFiles/cmTC_baafd.dir/src.c.o  -o cmTC_baafd 
/usr/bin/ld: CMakeFiles/cmTC_baafd.dir/src.c.o: in function `main':
src.c:(.text+0x46): undefined reference to `pthread_create'
/usr/bin/ld: src.c:(.text+0x52): undefined reference to `pthread_detach'
/usr/bin/ld: src.c:(.text+0x63): undefined reference to `pthread_join'
collect2: error: ld returned 1 exit status
make[1]: *** [CMakeFiles/cmTC_baafd.dir/build.make:87: cmTC_baafd] Error 1
make[1]: Leaving directory '/home/sahu27/Software_Development/Week3/Software_Engineering_9_4/build/CMakeFiles/CMakeTmp'
make: *** [Makefile:121: cmTC_baafd/fast] Error 2


Source file was:
#include <pthread.h>

void* test_func(void* data)
{
  return data;
}

int main(void)
{
  pthread_t thread;
  pthread_create(&thread, NULL, test_func, NULL);
  pthread_detach(thread);
  pthread_join(thread, NULL);
  pthread_atfork(NULL, NULL, NULL);
  pthread_exit(NULL);

  return 0;
}

Determining if the function pthread_create exists in the pthreads failed with the following output:
Change Dir: /home/sahu27/Software_Development/Week3/Software_Engineering_9_4/build/CMakeFiles/CMakeTmp

Run Build Command(s):/usr/bin/make cmTC_df0b4/fast && /usr/bin/make -f CMakeFiles/cmTC_df0b4.dir/build.make CMakeFiles/cmTC_df0b4.dir/build
make[1]: Entering directory '/home/sahu27/Software_Development/Week3/Software_Engineering_9_4/build/CMakeFiles/CMakeTmp'
Building C object CMakeFiles/cmTC_df0b4.dir/CheckFunctionExists.c.o
/usr/bin/cc   -DCHECK_FUNCTION_EXISTS=pthread_create   -o CMakeFiles/cmTC_df0b4.dir/CheckFunctionExists.c.o   -c /usr/share/cmake-3.16/Modules/CheckFunctionExists.c
Linking C executable cmTC_df0b4
/usr/bin/cmake -E cmake_link_script CMakeFiles/cmTC_df0b4.dir/link.txt --verbose=1
/usr/bin/cc  -DCHECK_FUNCTION_EXISTS=pthread_create    -rdynamic CMakeFiles/cmTC_df0b4.dir/CheckFunctionExists.c.o  -o cmTC_df0b4  -lpthreads 
/usr/bin/ld: cannot find -lpthreads
collect2: error: ld returned 1 exit status
make[1]: *** [CMakeFiles/cmTC_df0b4.dir/build.make:87: cmTC_df0b4] Error 1
make[1]: Leaving directory '/home/sahu27/Software_Development/Week3/Software_Engineering_9_4/build/CMakeFiles/CMakeTmp'
make: *** [Makefile:121: cmTC_df0b4/fast] Error 2



Performing C SOURCE FILE Test CMAKE_HAVE_LIBC_PTHREAD failed with the following output:
Change Dir: /home/sahu27/Software_Development/Week3/Software_Engineering_9_4/build/CMakeFiles/CMakeTmp

Run Build Command(s):/usr/bin/make cmTC_f36c5/fast && /usr/bin/make -f CMakeFiles/cmTC_f36c5.dir/build.make CMakeFiles/cmTC_f36c5.dir/build
make[1]: Entering directory '/home/sahu27/Software_Development/Week3/Software_Engineering_9_4/build/CMakeFiles/CMakeTmp'
Building C object CMakeFiles/cmTC_f36c5.dir/src.c.o
/usr/bin/cc   -DCMAKE_HAVE_LIBC_PTHREAD   -o CMakeFiles/cmTC_f36c5.dir/src.c.o   -c /home/sahu27/Software_Development/Week3/Software_Engineering_9_4/build/CMakeFiles/CMakeTmp/src.c
Linking C executable cmTC_f36c5
/usr/bin/cmake -E cmake_link_script CMakeFiles/cmTC_f36c5.dir/link.txt --verbose=1
/usr/bin/cc  -DCMAKE_HAVE_LIBC_PTHREAD    -rdynamic CMakeFiles/cmTC_f36c5.dir/src.c.o  -o cmTC_f36c5 
/usr/bin/ld: CMakeFiles/cmTC_f36c5.dir/src.c.o: in function `main':
src.c:(.text+0x46): undefined reference to `pthread_create'
/usr/bin/ld: src.c:(.text+0x52): undefined reference to `pthread_detach'
/usr/bin/ld: src.c:(.text+0x63): undefined reference to `pthread_join'
collect2: error: ld returned 1 exit status
make[1]: *** [CMakeFiles/cmTC_f36c5.dir/build.make:87: cmTC_f36c5] Error 1
make[1]: Leaving directory '/home/sahu27/Software_Development/Week3/Software_Engineering_9_4/build/CMakeFiles/CMakeTmp'
make: *** [Makefile:121: cmTC_f36c5/fast] Error 2


Source file was:
#include <pthread.h>

void* test_func(void* data)
{
  return data;
}

int main(void)
{
  pthread_t thread;
  pthread_create(&thread, NULL, test_func, NULL);
  pthread_detach(thread);
  pthread_join(thread, NULL);
  pthread_atfork(NULL, NULL, NULL);
  pthread_exit(NULL);

  return 0;
}

Determining if the function pthread_create exists in the pthreads failed with the following output:
Change Dir: /home/sahu27/Software_Development/Week3/Software_Engineering_9_4/build/CMakeFiles/CMakeTmp

Run Build Command(s):/usr/bin/make cmTC_a990b/fast && /usr/bin/make -f CMakeFiles/cmTC_a990b.dir/build.make CMakeFiles/cmTC_a990b.dir/build
make[1]: Entering directory '/home/sahu27/Software_Development/Week3/Software_Engineering_9_4/build/CMakeFiles/CMakeTmp'
Building C object CMakeFiles/cmTC_a990b.dir/CheckFunctionExists.c.o
/usr/bin/cc   -DCHECK_FUNCTION_EXISTS=pthread_create   -o CMakeFiles/cmTC_a990b.dir/CheckFunctionExists.c.o   -c /usr/share/cmake-3.16/Modules/CheckFunctionExists.c
Linking C executable cmTC_a990b
/usr/bin/cmake -E cmake_link_script CMakeFiles/cmTC_a990b.dir/link.txt --verbose=1
/usr/bin/cc  -DCHECK_FUNCTION_EXISTS=pthread_create    -rdynamic CMakeFiles/cmTC_a990b.dir/CheckFunctionExists.c.o  -o cmTC_a990b  -lpthreads 
/usr/bin/ld: cannot find -lpthreads
collect2: error: ld returned 1 exit status
make[1]: *** [CMakeFiles/cmTC_a990b.dir/build.make:87: cmTC_a990b] Error 1
make[1]: Leaving directory '/home/sahu27/Software_Development/Week3/Software_Engineering_9_4/build/CMakeFiles/CMakeTmp'
make: *** [Makefile:121: cmTC_a990b/fast] Error 2



Performing C SOURCE FILE Test CMAKE_HAVE_LIBC_PTHREAD failed with the following output:
Change Dir: /home/sahu27/Software_Development/Week3/Software_Engineering_9_4/build/CMakeFiles/CMakeTmp

Run Build Command(s):/usr/bin/make cmTC_8bbd5/fast && make[1]: Entering directory '/home/sahu27/Software_Development/Week3/Software_Engineering_9_4/build/CMakeFiles/CMakeTmp'
/usr/bin/make -f CMakeFiles/cmTC_8bbd5.dir/build.make CMakeFiles/cmTC_8bbd5.dir/build
make[2]: Entering directory '/home/sahu27/Software_Development/Week3/Software_Engineering_9_4/build/CMakeFiles/CMakeTmp'
Building C object CMakeFiles/cmTC_8bbd5.dir/src.c.o
/usr/bin/cc   -DCMAKE_HAVE_LIBC_PTHREAD   -o CMakeFiles/cmTC_8bbd5.dir/src.c.o   -c /home/sahu27/Software_Development/Week3/Software_Engineering_9_4/build/CMakeFiles/CMakeTmp/src.c
Linking C executable cmTC_8bbd5
/usr/bin/cmake -E cmake_link_script CMakeFiles/cmTC_8bbd5.dir/link.txt --verbose=1
/usr/bin/cc  -DCMAKE_HAVE_LIBC_PTHREAD    -rdynamic CMakeFiles/cmTC_8bbd5.dir/src.c.o  -o cmTC_8bbd5 
/usr/bin/ld: CMakeFiles/cmTC_8bbd5.dir/src.c.o: in function `main':
src.c:(.text+0x46): undefined reference to `pthread_create'
/usr/bin/ld: src.c:(.text+0x52): undefined reference to `pthread_detach'
/usr/bin/ld: src.c:(.text+0x63): undefined reference to `pthread_join'
collect2: error: ld returned 1 exit status
make[2]: *** [CMakeFiles/cmTC_8bbd5.dir/build.make:87: cmTC_8bbd5] Error 1
make[2]: Leaving directory '/home/sahu27/Software_Development/Week3/Software_Engineering_9_4/build/CMakeFiles/CMakeTmp'
make[1]: *** [Makefile:121: cmTC_8bbd5/fast] Error 2
make[1]: Leaving directory '/home/sahu27/Software_Development/Week3/Software_Engineering_9_4/build/CMakeFiles/CMakeTmp'


Source file was:
#include <pthread.h>

void* test_func(void* data)
{
  return data;
}

int main(void)
{
  pthread_t thread;
  pthread_create(&thread, NULL, test_func, NULL);
  pthread_detach(thread);
  pthread_join(thread, NULL);
  pthread_atfork(NULL, NULL, NULL);
  pthread_exit(NULL);

  return 0;
}

Determining if the function pthread_create exists in the pthreads failed with the following output:
Change Dir: /home/sahu27/Software_Development/Week3/Software_Engineering_9_4/build/CMakeFiles/CMakeTmp

Run Build Command(s):/usr/bin/make cmTC_66582/fast && make[1]: Entering directory '/home/sahu27/Software_Development/Week3/Software_Engineering_9_4/build/CMakeFiles/CMakeTmp'
/usr/bin/make -f CMakeFiles/cmTC_66582.dir/build.make CMakeFiles/cmTC_66582.dir/build
make[2]: Entering directory '/home/sahu27/Software_Development/Week3/Software_Engineering_9_4/build/CMakeFiles/CMakeTmp'
Building C object CMakeFiles/cmTC_66582.dir/CheckFunctionExists.c.o
/usr/bin/cc   -DCHECK_FUNCTION_EXISTS=pthread_create   -o CMakeFiles/cmTC_66582.dir/CheckFunctionExists.c.o   -c /usr/share/cmake-3.16/Modules/CheckFunctionExists.c
Linking C executable cmTC_66582
/usr/bin/cmake -E cmake_link_script CMakeFiles/cmTC_66582.dir/link.txt --verbose=1
/usr/bin/cc  -DCHECK_FUNCTION_EXISTS=pthread_create    -rdynamic CMakeFiles/cmTC_66582.dir/CheckFunctionExists.c.o  -o cmTC_66582  -lpthreads 
/usr/bin/ld: cannot find -lpthreads
collect2: error: ld returned 1 exit status
make[2]: *** [CMakeFiles/cmTC_66582.dir/build.make:87: cmTC_66582] Error 1
make[2]: Leaving directory '/home/sahu27/Software_Development/Week3/Software_Engineering_9_4/build/CMakeFiles/CMakeTmp'
make[1]: *** [Makefile:121: cmTC_66582/fast] Error 2
make[1]: Leaving directory '/home/sahu27/Software_Development/Week3/Software_Engineering_9_4/build/CMakeFiles/CMakeTmp'



Performing C SOURCE FILE Test CMAKE_HAVE_LIBC_PTHREAD failed with the following output:
Change Dir: /home/sahu27/Software_Development/Week3/Software_Engineering_9_4/build/CMakeFiles/CMakeTmp

Run Build Command(s):/usr/bin/make cmTC_02838/fast && /usr/bin/make -f CMakeFiles/cmTC_02838.dir/build.make CMakeFiles/cmTC_02838.dir/build
make[1]: Entering directory '/home/sahu27/Software_Development/Week3/Software_Engineering_9_4/build/CMakeFiles/CMakeTmp'
Building C object CMakeFiles/cmTC_02838.dir/src.c.o
/usr/bin/cc   -DCMAKE_HAVE_LIBC_PTHREAD   -o CMakeFiles/cmTC_02838.dir/src.c.o   -c /home/sahu27/Software_Development/Week3/Software_Engineering_9_4/build/CMakeFiles/CMakeTmp/src.c
Linking C executable cmTC_02838
/usr/bin/cmake -E cmake_link_script CMakeFiles/cmTC_02838.dir/link.txt --verbose=1
/usr/bin/cc  -DCMAKE_HAVE_LIBC_PTHREAD    -rdynamic CMakeFiles/cmTC_02838.dir/src.c.o  -o cmTC_02838 
/usr/bin/ld: CMakeFiles/cmTC_02838.dir/src.c.o: in function `main':
src.c:(.text+0x46): undefined reference to `pthread_create'
/usr/bin/ld: src.c:(.text+0x52): undefined reference to `pthread_detach'
/usr/bin/ld: src.c:(.text+0x63): undefined reference to `pthread_join'
collect2: error: ld returned 1 exit status
make[1]: *** [CMakeFiles/cmTC_02838.dir/build.make:87: cmTC_02838] Error 1
make[1]: Leaving directory '/home/sahu27/Software_Development/Week3/Software_Engineering_9_4/build/CMakeFiles/CMakeTmp'
make: *** [Makefile:121: cmTC_02838/fast] Error 2


Source file was:
#include <pthread.h>

void* test_func(void* data)
{
  return data;
}

int main(void)
{
  pthread_t thread;
  pthread_create(&thread, NULL, test_func, NULL);
  pthread_detach(thread);
  pthread_join(thread, NULL);
  pthread_atfork(NULL, NULL, NULL);
  pthread_exit(NULL);

  return 0;
}

Determining if the function pthread_create exists in the pthreads failed with the following output:
Change Dir: /home/sahu27/Software_Development/Week3/Software_Engineering_9_4/build/CMakeFiles/CMakeTmp

Run Build Command(s):/usr/bin/make cmTC_cba35/fast && /usr/bin/make -f CMakeFiles/cmTC_cba35.dir/build.make CMakeFiles/cmTC_cba35.dir/build
make[1]: Entering directory '/home/sahu27/Software_Development/Week3/Software_Engineering_9_4/build/CMakeFiles/CMakeTmp'
Building C object CMakeFiles/cmTC_cba35.dir/CheckFunctionExists.c.o
/usr/bin/cc   -DCHECK_FUNCTION_EXISTS=pthread_create   -o CMakeFiles/cmTC_cba35.dir/CheckFunctionExists.c.o   -c /usr/share/cmake-3.16/Modules/CheckFunctionExists.c
Linking C executable cmTC_cba35
/usr/bin/cmake -E cmake_link_script CMakeFiles/cmTC_cba35.dir/link.txt --verbose=1
/usr/bin/cc  -DCHECK_FUNCTION_EXISTS=pthread_create    -rdynamic CMakeFiles/cmTC_cba35.dir/CheckFunctionExists.c.o  -o cmTC_cba35  -lpthreads 
/usr/bin/ld: cannot find -lpthreads
collect2: error: ld returned 1 exit status
make[1]: *** [CMakeFiles/cmTC_cba35.dir/build.make:87: cmTC_cba35] Error 1
make[1]: Leaving directory '/home/sahu27/Software_Development/Week3/Software_Engineering_9_4/build/CMakeFiles/CMakeTmp'
make: *** [Makefile:121: cmTC_cba35/fast] Error 2



Performing C SOURCE FILE Test CMAKE_HAVE_LIBC_PTHREAD failed with the following output:
Change Dir: /home/sahu27/Software_Development/Week3/Software_Engineering_9_4/build/CMakeFiles/CMakeTmp

Run Build Command(s):/usr/bin/make cmTC_3651d/fast && /usr/bin/make -f CMakeFiles/cmTC_3651d.dir/build.make CMakeFiles/cmTC_3651d.dir/build
make[1]: Entering directory '/home/sahu27/Software_Development/Week3/Software_Engineering_9_4/build/CMakeFiles/CMakeTmp'
Building C object CMakeFiles/cmTC_3651d.dir/src.c.o
/usr/bin/cc   -DCMAKE_HAVE_LIBC_PTHREAD   -o CMakeFiles/cmTC_3651d.dir/src.c.o   -c /home/sahu27/Software_Development/Week3/Software_Engineering_9_4/build/CMakeFiles/CMakeTmp/src.c
Linking C executable cmTC_3651d
/usr/bin/cmake -E cmake_link_script CMakeFiles/cmTC_3651d.dir/link.txt --verbose=1
/usr/bin/cc  -DCMAKE_HAVE_LIBC_PTHREAD    -rdynamic CMakeFiles/cmTC_3651d.dir/src.c.o  -o cmTC_3651d 
/usr/bin/ld: CMakeFiles/cmTC_3651d.dir/src.c.o: in function `main':
src.c:(.text+0x46): undefined reference to `pthread_create'
/usr/bin/ld: src.c:(.text+0x52): undefined reference to `pthread_detach'
/usr/bin/ld: src.c:(.text+0x63): undefined reference to `pthread_join'
collect2: error: ld returned 1 exit status
make[1]: *** [CMakeFiles/cmTC_3651d.dir/build.make:87: cmTC_3651d] Error 1
make[1]: Leaving directory '/home/sahu27/Software_Development/Week3/Software_Engineering_9_4/build/CMakeFiles/CMakeTmp'
make: *** [Makefile:121: cmTC_3651d/fast] Error 2


Source file was:
#include <pthread.h>

void* test_func(void* data)
{
  return data;
}

int main(void)
{
  pthread_t thread;
  pthread_create(&thread, NULL, test_func, NULL);
  pthread_detach(thread);
  pthread_join(thread, NULL);
  pthread_atfork(NULL, NULL, NULL);
  pthread_exit(NULL);

  return 0;
}

Determining if the function pthread_create exists in the pthreads failed with the following output:
Change Dir: /home/sahu27/Software_Development/Week3/Software_Engineering_9_4/build/CMakeFiles/CMakeTmp

Run Build Command(s):/usr/bin/make cmTC_4e785/fast && /usr/bin/make -f CMakeFiles/cmTC_4e785.dir/build.make CMakeFiles/cmTC_4e785.dir/build
make[1]: Entering directory '/home/sahu27/Software_Development/Week3/Software_Engineering_9_4/build/CMakeFiles/CMakeTmp'
Building C object CMakeFiles/cmTC_4e785.dir/CheckFunctionExists.c.o
/usr/bin/cc   -DCHECK_FUNCTION_EXISTS=pthread_create   -o CMakeFiles/cmTC_4e785.dir/CheckFunctionExists.c.o   -c /usr/share/cmake-3.16/Modules/CheckFunctionExists.c
Linking C executable cmTC_4e785
/usr/bin/cmake -E cmake_link_script CMakeFiles/cmTC_4e785.dir/link.txt --verbose=1
/usr/bin/cc  -DCHECK_FUNCTION_EXISTS=pthread_create    -rdynamic CMakeFiles/cmTC_4e785.dir/CheckFunctionExists.c.o  -o cmTC_4e785  -lpthreads 
/usr/bin/ld: cannot find -lpthreads
collect2: error: ld returned 1 exit status
make[1]: *** [CMakeFiles/cmTC_4e785.dir/build.make:87: cmTC_4e785] Error 1
make[1]: Leaving directory '/home/sahu27/Software_Development/Week3/Software_Engineering_9_4/build/CMakeFiles/CMakeTmp'
make: *** [Makefile:121: cmTC_4e785/fast] Error 2



Performing C SOURCE FILE Test CMAKE_HAVE_LIBC_PTHREAD failed with the following output:
Change Dir: /home/sahu27/Software_Development/Week3/Software_Engineering_9_4/build/CMakeFiles/CMakeTmp

Run Build Command(s):/usr/bin/make cmTC_9a924/fast && /usr/bin/make -f CMakeFiles/cmTC_9a924.dir/build.make CMakeFiles/cmTC_9a924.dir/build
make[1]: Entering directory '/home/sahu27/Software_Development/Week3/Software_Engineering_9_4/build/CMakeFiles/CMakeTmp'
Building C object CMakeFiles/cmTC_9a924.dir/src.c.o
/usr/bin/cc   -DCMAKE_HAVE_LIBC_PTHREAD   -o CMakeFiles/cmTC_9a924.dir/src.c.o   -c /home/sahu27/Software_Development/Week3/Software_Engineering_9_4/build/CMakeFiles/CMakeTmp/src.c
Linking C executable cmTC_9a924
/usr/bin/cmake -E cmake_link_script CMakeFiles/cmTC_9a924.dir/link.txt --verbose=1
/usr/bin/cc  -DCMAKE_HAVE_LIBC_PTHREAD    -rdynamic CMakeFiles/cmTC_9a924.dir/src.c.o  -o cmTC_9a924 
/usr/bin/ld: CMakeFiles/cmTC_9a924.dir/src.c.o: in function `main':
src.c:(.text+0x46): undefined reference to `pthread_create'
/usr/bin/ld: src.c:(.text+0x52): undefined reference to `pthread_detach'
/usr/bin/ld: src.c:(.text+0x63): undefined reference to `pthread_join'
collect2: error: ld returned 1 exit status
make[1]: *** [CMakeFiles/cmTC_9a924.dir/build.make:87: cmTC_9a924] Error 1
make[1]: Leaving directory '/home/sahu27/Software_Development/Week3/Software_Engineering_9_4/build/CMakeFiles/CMakeTmp'
make: *** [Makefile:121: cmTC_9a924/fast] Error 2


Source file was:
#include <pthread.h>

void* test_func(void* data)
{
  return data;
}

int main(void)
{
  pthread_t thread;
  pthread_create(&thread, NULL, test_func, NULL);
  pthread_detach(thread);
  pthread_join(thread, NULL);
  pthread_atfork(NULL, NULL, NULL);
  pthread_exit(NULL);

  return 0;
}

Determining if the function pthread_create exists in the pthreads failed with the following output:
Change Dir: /home/sahu27/Software_Development/Week3/Software_Engineering_9_4/build/CMakeFiles/CMakeTmp

Run Build Command(s):/usr/bin/make cmTC_ae178/fast && /usr/bin/make -f CMakeFiles/cmTC_ae178.dir/build.make CMakeFiles/cmTC_ae178.dir/build
make[1]: Entering directory '/home/sahu27/Software_Development/Week3/Software_Engineering_9_4/build/CMakeFiles/CMakeTmp'
Building C object CMakeFiles/cmTC_ae178.dir/CheckFunctionExists.c.o
/usr/bin/cc   -DCHECK_FUNCTION_EXISTS=pthread_create   -o CMakeFiles/cmTC_ae178.dir/CheckFunctionExists.c.o   -c /usr/share/cmake-3.16/Modules/CheckFunctionExists.c
Linking C executable cmTC_ae178
/usr/bin/cmake -E cmake_link_script CMakeFiles/cmTC_ae178.dir/link.txt --verbose=1
/usr/bin/cc  -DCHECK_FUNCTION_EXISTS=pthread_create    -rdynamic CMakeFiles/cmTC_ae178.dir/CheckFunctionExists.c.o  -o cmTC_ae178  -lpthreads 
/usr/bin/ld: cannot find -lpthreads
collect2: error: ld returned 1 exit status
make[1]: *** [CMakeFiles/cmTC_ae178.dir/build.make:87: cmTC_ae178] Error 1
make[1]: Leaving directory '/home/sahu27/Software_Development/Week3/Software_Engineering_9_4/build/CMakeFiles/CMakeTmp'
make: *** [Makefile:121: cmTC_ae178/fast] Error 2



Performing C SOURCE FILE Test CMAKE_HAVE_LIBC_PTHREAD failed with the following output:
Change Dir: /home/sahu27/Software_Development/Week3/Software_Engineering_9_4/build/CMakeFiles/CMakeTmp

Run Build Command(s):/usr/bin/make cmTC_c640e/fast && /usr/bin/make -f CMakeFiles/cmTC_c640e.dir/build.make CMakeFiles/cmTC_c640e.dir/build
make[1]: Entering directory '/home/sahu27/Software_Development/Week3/Software_Engineering_9_4/build/CMakeFiles/CMakeTmp'
Building C object CMakeFiles/cmTC_c640e.dir/src.c.o
/usr/bin/cc   -DCMAKE_HAVE_LIBC_PTHREAD   -o CMakeFiles/cmTC_c640e.dir/src.c.o   -c /home/sahu27/Software_Development/Week3/Software_Engineering_9_4/build/CMakeFiles/CMakeTmp/src.c
Linking C executable cmTC_c640e
/usr/bin/cmake -E cmake_link_script CMakeFiles/cmTC_c640e.dir/link.txt --verbose=1
/usr/bin/cc  -DCMAKE_HAVE_LIBC_PTHREAD    -rdynamic CMakeFiles/cmTC_c640e.dir/src.c.o  -o cmTC_c640e 
/usr/bin/ld: CMakeFiles/cmTC_c640e.dir/src.c.o: in function `main':
src.c:(.text+0x46): undefined reference to `pthread_create'
/usr/bin/ld: src.c:(.text+0x52): undefined reference to `pthread_detach'
/usr/bin/ld: src.c:(.text+0x63): undefined reference to `pthread_join'
collect2: error: ld returned 1 exit status
make[1]: *** [CMakeFiles/cmTC_c640e.dir/build.make:87: cmTC_c640e] Error 1
make[1]: Leaving directory '/home/sahu27/Software_Development/Week3/Software_Engineering_9_4/build/CMakeFiles/CMakeTmp'
make: *** [Makefile:121: cmTC_c640e/fast] Error 2


Source file was:
#include <pthread.h>

void* test_func(void* data)
{
  return data;
}

int main(void)
{
  pthread_t thread;
  pthread_create(&thread, NULL, test_func, NULL);
  pthread_detach(thread);
  pthread_join(thread, NULL);
  pthread_atfork(NULL, NULL, NULL);
  pthread_exit(NULL);

  return 0;
}

Determining if the function pthread_create exists in the pthreads failed with the following output:
Change Dir: /home/sahu27/Software_Development/Week3/Software_Engineering_9_4/build/CMakeFiles/CMakeTmp

Run Build Command(s):/usr/bin/make cmTC_32af9/fast && /usr/bin/make -f CMakeFiles/cmTC_32af9.dir/build.make CMakeFiles/cmTC_32af9.dir/build
make[1]: Entering directory '/home/sahu27/Software_Development/Week3/Software_Engineering_9_4/build/CMakeFiles/CMakeTmp'
Building C object CMakeFiles/cmTC_32af9.dir/CheckFunctionExists.c.o
/usr/bin/cc   -DCHECK_FUNCTION_EXISTS=pthread_create   -o CMakeFiles/cmTC_32af9.dir/CheckFunctionExists.c.o   -c /usr/share/cmake-3.16/Modules/CheckFunctionExists.c
Linking C executable cmTC_32af9
/usr/bin/cmake -E cmake_link_script CMakeFiles/cmTC_32af9.dir/link.txt --verbose=1
/usr/bin/cc  -DCHECK_FUNCTION_EXISTS=pthread_create    -rdynamic CMakeFiles/cmTC_32af9.dir/CheckFunctionExists.c.o  -o cmTC_32af9  -lpthreads 
/usr/bin/ld: cannot find -lpthreads
collect2: error: ld returned 1 exit status
make[1]: *** [CMakeFiles/cmTC_32af9.dir/build.make:87: cmTC_32af9] Error 1
make[1]: Leaving directory '/home/sahu27/Software_Development/Week3/Software_Engineering_9_4/build/CMakeFiles/CMakeTmp'
make: *** [Makefile:121: cmTC_32af9/fast] Error 2



Performing C SOURCE FILE Test CMAKE_HAVE_LIBC_PTHREAD failed with the following output:
Change Dir: /home/sahu27/Software_Development/Week3/Software_Engineering_9_4/build/CMakeFiles/CMakeTmp

Run Build Command(s):/usr/bin/make cmTC_aafa8/fast && /usr/bin/make -f CMakeFiles/cmTC_aafa8.dir/build.make CMakeFiles/cmTC_aafa8.dir/build
make[1]: Entering directory '/home/sahu27/Software_Development/Week3/Software_Engineering_9_4/build/CMakeFiles/CMakeTmp'
Building C object CMakeFiles/cmTC_aafa8.dir/src.c.o
/usr/bin/cc   -DCMAKE_HAVE_LIBC_PTHREAD   -o CMakeFiles/cmTC_aafa8.dir/src.c.o   -c /home/sahu27/Software_Development/Week3/Software_Engineering_9_4/build/CMakeFiles/CMakeTmp/src.c
Linking C executable cmTC_aafa8
/usr/bin/cmake -E cmake_link_script CMakeFiles/cmTC_aafa8.dir/link.txt --verbose=1
/usr/bin/cc  -DCMAKE_HAVE_LIBC_PTHREAD    -rdynamic CMakeFiles/cmTC_aafa8.dir/src.c.o  -o cmTC_aafa8 
/usr/bin/ld: CMakeFiles/cmTC_aafa8.dir/src.c.o: in function `main':
src.c:(.text+0x46): undefined reference to `pthread_create'
/usr/bin/ld: src.c:(.text+0x52): undefined reference to `pthread_detach'
/usr/bin/ld: src.c:(.text+0x63): undefined reference to `pthread_join'
collect2: error: ld returned 1 exit status
make[1]: *** [CMakeFiles/cmTC_aafa8.dir/build.make:87: cmTC_aafa8] Error 1
make[1]: Leaving directory '/home/sahu27/Software_Development/Week3/Software_Engineering_9_4/build/CMakeFiles/CMakeTmp'
make: *** [Makefile:121: cmTC_aafa8/fast] Error 2


Source file was:
#include <pthread.h>

void* test_func(void* data)
{
  return data;
}

int main(void)
{
  pthread_t thread;
  pthread_create(&thread, NULL, test_func, NULL);
  pthread_detach(thread);
  pthread_join(thread, NULL);
  pthread_atfork(NULL, NULL, NULL);
  pthread_exit(NULL);

  return 0;
}

Determining if the function pthread_create exists in the pthreads failed with the following output:
Change Dir: /home/sahu27/Software_Development/Week3/Software_Engineering_9_4/build/CMakeFiles/CMakeTmp

Run Build Command(s):/usr/bin/make cmTC_583bb/fast && /usr/bin/make -f CMakeFiles/cmTC_583bb.dir/build.make CMakeFiles/cmTC_583bb.dir/build
make[1]: Entering directory '/home/sahu27/Software_Development/Week3/Software_Engineering_9_4/build/CMakeFiles/CMakeTmp'
Building C object CMakeFiles/cmTC_583bb.dir/CheckFunctionExists.c.o
/usr/bin/cc   -DCHECK_FUNCTION_EXISTS=pthread_create   -o CMakeFiles/cmTC_583bb.dir/CheckFunctionExists.c.o   -c /usr/share/cmake-3.16/Modules/CheckFunctionExists.c
Linking C executable cmTC_583bb
/usr/bin/cmake -E cmake_link_script CMakeFiles/cmTC_583bb.dir/link.txt --verbose=1
/usr/bin/cc  -DCHECK_FUNCTION_EXISTS=pthread_create    -rdynamic CMakeFiles/cmTC_583bb.dir/CheckFunctionExists.c.o  -o cmTC_583bb  -lpthreads 
/usr/bin/ld: cannot find -lpthreads
collect2: error: ld returned 1 exit status
make[1]: *** [CMakeFiles/cmTC_583bb.dir/build.make:87: cmTC_583bb] Error 1
make[1]: Leaving directory '/home/sahu27/Software_Development/Week3/Software_Engineering_9_4/build/CMakeFiles/CMakeTmp'
make: *** [Makefile:121: cmTC_583bb/fast] Error 2



Performing C SOURCE FILE Test CMAKE_HAVE_LIBC_PTHREAD failed with the following output:
Change Dir: /home/sahu27/Software_Development/Week3/Software_Engineering_9_4/build/CMakeFiles/CMakeTmp

Run Build Command(s):/usr/bin/make cmTC_0ce03/fast && /usr/bin/make -f CMakeFiles/cmTC_0ce03.dir/build.make CMakeFiles/cmTC_0ce03.dir/build
make[1]: Entering directory '/home/sahu27/Software_Development/Week3/Software_Engineering_9_4/build/CMakeFiles/CMakeTmp'
Building C object CMakeFiles/cmTC_0ce03.dir/src.c.o
/usr/bin/cc   -DCMAKE_HAVE_LIBC_PTHREAD   -o CMakeFiles/cmTC_0ce03.dir/src.c.o   -c /home/sahu27/Software_Development/Week3/Software_Engineering_9_4/build/CMakeFiles/CMakeTmp/src.c
Linking C executable cmTC_0ce03
/usr/bin/cmake -E cmake_link_script CMakeFiles/cmTC_0ce03.dir/link.txt --verbose=1
/usr/bin/cc  -DCMAKE_HAVE_LIBC_PTHREAD    -rdynamic CMakeFiles/cmTC_0ce03.dir/src.c.o  -o cmTC_0ce03 
/usr/bin/ld: CMakeFiles/cmTC_0ce03.dir/src.c.o: in function `main':
src.c:(.text+0x46): undefined reference to `pthread_create'
/usr/bin/ld: src.c:(.text+0x52): undefined reference to `pthread_detach'
/usr/bin/ld: src.c:(.text+0x63): undefined reference to `pthread_join'
collect2: error: ld returned 1 exit status
make[1]: *** [CMakeFiles/cmTC_0ce03.dir/build.make:87: cmTC_0ce03] Error 1
make[1]: Leaving directory '/home/sahu27/Software_Development/Week3/Software_Engineering_9_4/build/CMakeFiles/CMakeTmp'
make: *** [Makefile:121: cmTC_0ce03/fast] Error 2


Source file was:
#include <pthread.h>

void* test_func(void* data)
{
  return data;
}

int main(void)
{
  pthread_t thread;
  pthread_create(&thread, NULL, test_func, NULL);
  pthread_detach(thread);
  pthread_join(thread, NULL);
  pthread_atfork(NULL, NULL, NULL);
  pthread_exit(NULL);

  return 0;
}

Determining if the function pthread_create exists in the pthreads failed with the following output:
Change Dir: /home/sahu27/Software_Development/Week3/Software_Engineering_9_4/build/CMakeFiles/CMakeTmp

Run Build Command(s):/usr/bin/make cmTC_16dfc/fast && /usr/bin/make -f CMakeFiles/cmTC_16dfc.dir/build.make CMakeFiles/cmTC_16dfc.dir/build
make[1]: Entering directory '/home/sahu27/Software_Development/Week3/Software_Engineering_9_4/build/CMakeFiles/CMakeTmp'
Building C object CMakeFiles/cmTC_16dfc.dir/CheckFunctionExists.c.o
/usr/bin/cc   -DCHECK_FUNCTION_EXISTS=pthread_create   -o CMakeFiles/cmTC_16dfc.dir/CheckFunctionExists.c.o   -c /usr/share/cmake-3.16/Modules/CheckFunctionExists.c
Linking C executable cmTC_16dfc
/usr/bin/cmake -E cmake_link_script CMakeFiles/cmTC_16dfc.dir/link.txt --verbose=1
/usr/bin/cc  -DCHECK_FUNCTION_EXISTS=pthread_create    -rdynamic CMakeFiles/cmTC_16dfc.dir/CheckFunctionExists.c.o  -o cmTC_16dfc  -lpthreads 
/usr/bin/ld: cannot find -lpthreads
collect2: error: ld returned 1 exit status
make[1]: *** [CMakeFiles/cmTC_16dfc.dir/build.make:87: cmTC_16dfc] Error 1
make[1]: Leaving directory '/home/sahu27/Software_Development/Week3/Software_Engineering_9_4/build/CMakeFiles/CMakeTmp'
make: *** [Makefile:121: cmTC_16dfc/fast] Error 2



Performing C SOURCE FILE Test CMAKE_HAVE_LIBC_PTHREAD failed with the following output:
Change Dir: /home/sahu27/Software_Development/Week3/Software_Engineering_9_4/build/CMakeFiles/CMakeTmp

Run Build Command(s):/usr/bin/make cmTC_5dc57/fast && /usr/bin/make -f CMakeFiles/cmTC_5dc57.dir/build.make CMakeFiles/cmTC_5dc57.dir/build
make[1]: Entering directory '/home/sahu27/Software_Development/Week3/Software_Engineering_9_4/build/CMakeFiles/CMakeTmp'
Building C object CMakeFiles/cmTC_5dc57.dir/src.c.o
/usr/bin/cc   -DCMAKE_HAVE_LIBC_PTHREAD   -o CMakeFiles/cmTC_5dc57.dir/src.c.o   -c /home/sahu27/Software_Development/Week3/Software_Engineering_9_4/build/CMakeFiles/CMakeTmp/src.c
Linking C executable cmTC_5dc57
/usr/bin/cmake -E cmake_link_script CMakeFiles/cmTC_5dc57.dir/link.txt --verbose=1
/usr/bin/cc  -DCMAKE_HAVE_LIBC_PTHREAD    -rdynamic CMakeFiles/cmTC_5dc57.dir/src.c.o  -o cmTC_5dc57 
/usr/bin/ld: CMakeFiles/cmTC_5dc57.dir/src.c.o: in function `main':
src.c:(.text+0x46): undefined reference to `pthread_create'
/usr/bin/ld: src.c:(.text+0x52): undefined reference to `pthread_detach'
/usr/bin/ld: src.c:(.text+0x63): undefined reference to `pthread_join'
collect2: error: ld returned 1 exit status
make[1]: *** [CMakeFiles/cmTC_5dc57.dir/build.make:87: cmTC_5dc57] Error 1
make[1]: Leaving directory '/home/sahu27/Software_Development/Week3/Software_Engineering_9_4/build/CMakeFiles/CMakeTmp'
make: *** [Makefile:121: cmTC_5dc57/fast] Error 2


Source file was:
#include <pthread.h>

void* test_func(void* data)
{
  return data;
}

int main(void)
{
  pthread_t thread;
  pthread_create(&thread, NULL, test_func, NULL);
  pthread_detach(thread);
  pthread_join(thread, NULL);
  pthread_atfork(NULL, NULL, NULL);
  pthread_exit(NULL);

  return 0;
}

Determining if the function pthread_create exists in the pthreads failed with the following output:
Change Dir: /home/sahu27/Software_Development/Week3/Software_Engineering_9_4/build/CMakeFiles/CMakeTmp

Run Build Command(s):/usr/bin/make cmTC_b41de/fast && /usr/bin/make -f CMakeFiles/cmTC_b41de.dir/build.make CMakeFiles/cmTC_b41de.dir/build
make[1]: Entering directory '/home/sahu27/Software_Development/Week3/Software_Engineering_9_4/build/CMakeFiles/CMakeTmp'
Building C object CMakeFiles/cmTC_b41de.dir/CheckFunctionExists.c.o
/usr/bin/cc   -DCHECK_FUNCTION_EXISTS=pthread_create   -o CMakeFiles/cmTC_b41de.dir/CheckFunctionExists.c.o   -c /usr/share/cmake-3.16/Modules/CheckFunctionExists.c
Linking C executable cmTC_b41de
/usr/bin/cmake -E cmake_link_script CMakeFiles/cmTC_b41de.dir/link.txt --verbose=1
/usr/bin/cc  -DCHECK_FUNCTION_EXISTS=pthread_create    -rdynamic CMakeFiles/cmTC_b41de.dir/CheckFunctionExists.c.o  -o cmTC_b41de  -lpthreads 
/usr/bin/ld: cannot find -lpthreads
collect2: error: ld returned 1 exit status
make[1]: *** [CMakeFiles/cmTC_b41de.dir/build.make:87: cmTC_b41de] Error 1
make[1]: Leaving directory '/home/sahu27/Software_Development/Week3/Software_Engineering_9_4/build/CMakeFiles/CMakeTmp'
make: *** [Makefile:121: cmTC_b41de/fast] Error 2



Performing C SOURCE FILE Test CMAKE_HAVE_LIBC_PTHREAD failed with the following output:
Change Dir: /home/sahu27/Software_Development/Week3/Software_Engineering_9_4/build/CMakeFiles/CMakeTmp

Run Build Command(s):/usr/bin/make cmTC_84184/fast && /usr/bin/make -f CMakeFiles/cmTC_84184.dir/build.make CMakeFiles/cmTC_84184.dir/build
make[1]: Entering directory '/home/sahu27/Software_Development/Week3/Software_Engineering_9_4/build/CMakeFiles/CMakeTmp'
Building C object CMakeFiles/cmTC_84184.dir/src.c.o
/usr/bin/cc   -g -O0 -fprofile-arcs -ftest-coverage -DCMAKE_HAVE_LIBC_PTHREAD   -o CMakeFiles/cmTC_84184.dir/src.c.o   -c /home/sahu27/Software_Development/Week3/Software_Engineering_9_4/build/CMakeFiles/CMakeTmp/src.c
Linking C executable cmTC_84184
/usr/bin/cmake -E cmake_link_script CMakeFiles/cmTC_84184.dir/link.txt --verbose=1
/usr/bin/cc -g -O0 -fprofile-arcs -ftest-coverage -DCMAKE_HAVE_LIBC_PTHREAD    -rdynamic CMakeFiles/cmTC_84184.dir/src.c.o  -o cmTC_84184 
/usr/bin/ld: CMakeFiles/cmTC_84184.dir/src.c.o: in function `main':
/home/sahu27/Software_Development/Week3/Software_Engineering_9_4/build/CMakeFiles/CMakeTmp/src.c:11: undefined reference to `pthread_create'
/usr/bin/ld: /home/sahu27/Software_Development/Week3/Software_Engineering_9_4/build/CMakeFiles/CMakeTmp/src.c:12: undefined reference to `pthread_detach'
/usr/bin/ld: /home/sahu27/Software_Development/Week3/Software_Engineering_9_4/build/CMakeFiles/CMakeTmp/src.c:13: undefined reference to `pthread_join'
collect2: error: ld returned 1 exit status
make[1]: *** [CMakeFiles/cmTC_84184.dir/build.make:87: cmTC_84184] Error 1
make[1]: Leaving directory '/home/sahu27/Software_Development/Week3/Software_Engineering_9_4/build/CMakeFiles/CMakeTmp'
make: *** [Makefile:121: cmTC_84184/fast] Error 2


Source file was:
#include <pthread.h>

void* test_func(void* data)
{
  return data;
}

int main(void)
{
  pthread_t thread;
  pthread_create(&thread, NULL, test_func, NULL);
  pthread_detach(thread);
  pthread_join(thread, NULL);
  pthread_atfork(NULL, NULL, NULL);
  pthread_exit(NULL);

  return 0;
}

Determining if the function pthread_create exists in the pthreads failed with the following output:
Change Dir: /home/sahu27/Software_Development/Week3/Software_Engineering_9_4/build/CMakeFiles/CMakeTmp

Run Build Command(s):/usr/bin/make cmTC_72726/fast && /usr/bin/make -f CMakeFiles/cmTC_72726.dir/build.make CMakeFiles/cmTC_72726.dir/build
make[1]: Entering directory '/home/sahu27/Software_Development/Week3/Software_Engineering_9_4/build/CMakeFiles/CMakeTmp'
Building C object CMakeFiles/cmTC_72726.dir/CheckFunctionExists.c.o
/usr/bin/cc   -g -O0 -fprofile-arcs -ftest-coverage -DCHECK_FUNCTION_EXISTS=pthread_create   -o CMakeFiles/cmTC_72726.dir/CheckFunctionExists.c.o   -c /usr/share/cmake-3.16/Modules/CheckFunctionExists.c
Linking C executable cmTC_72726
/usr/bin/cmake -E cmake_link_script CMakeFiles/cmTC_72726.dir/link.txt --verbose=1
/usr/bin/cc -g -O0 -fprofile-arcs -ftest-coverage -DCHECK_FUNCTION_EXISTS=pthread_create    -rdynamic CMakeFiles/cmTC_72726.dir/CheckFunctionExists.c.o  -o cmTC_72726  -lpthreads 
/usr/bin/ld: cannot find -lpthreads
collect2: error: ld returned 1 exit status
make[1]: *** [CMakeFiles/cmTC_72726.dir/build.make:87: cmTC_72726] Error 1
make[1]: Leaving directory '/home/sahu27/Software_Development/Week3/Software_Engineering_9_4/build/CMakeFiles/CMakeTmp'
make: *** [Makefile:121: cmTC_72726/fast] Error 2



