Performing C SOURCE FILE Test CMAKE_HAVE_LIBC_PTHREAD failed with the following output:
Change Dir: /home/sahu27/Software_Development/Week2/Accelerated_Cpp_4_5/build/CMakeFiles/CMakeTmp

Run Build Command(s):/usr/bin/make cmTC_b0744/fast && /usr/bin/make -f CMakeFiles/cmTC_b0744.dir/build.make CMakeFiles/cmTC_b0744.dir/build
make[1]: Entering directory '/home/sahu27/Software_Development/Week2/Accelerated_Cpp_4_5/build/CMakeFiles/CMakeTmp'
Building C object CMakeFiles/cmTC_b0744.dir/src.c.o
/usr/bin/cc   -DCMAKE_HAVE_LIBC_PTHREAD   -o CMakeFiles/cmTC_b0744.dir/src.c.o   -c /home/sahu27/Software_Development/Week2/Accelerated_Cpp_4_5/build/CMakeFiles/CMakeTmp/src.c
Linking C executable cmTC_b0744
/usr/bin/cmake -E cmake_link_script CMakeFiles/cmTC_b0744.dir/link.txt --verbose=1
/usr/bin/cc  -DCMAKE_HAVE_LIBC_PTHREAD    -rdynamic CMakeFiles/cmTC_b0744.dir/src.c.o  -o cmTC_b0744 
/usr/bin/ld: CMakeFiles/cmTC_b0744.dir/src.c.o: in function `main':
src.c:(.text+0x46): undefined reference to `pthread_create'
/usr/bin/ld: src.c:(.text+0x52): undefined reference to `pthread_detach'
/usr/bin/ld: src.c:(.text+0x63): undefined reference to `pthread_join'
collect2: error: ld returned 1 exit status
make[1]: *** [CMakeFiles/cmTC_b0744.dir/build.make:87: cmTC_b0744] Error 1
make[1]: Leaving directory '/home/sahu27/Software_Development/Week2/Accelerated_Cpp_4_5/build/CMakeFiles/CMakeTmp'
make: *** [Makefile:121: cmTC_b0744/fast] Error 2


Source file was:
#include <pthread.h>

void* test_func(void* data)
{
  return data;
}

int main(void)
{
  pthread_t thread;
  pthread_create(&thread, NULL, test_func, NULL);
  pthread_detach(thread);
  pthread_join(thread, NULL);
  pthread_atfork(NULL, NULL, NULL);
  pthread_exit(NULL);

  return 0;
}

Determining if the function pthread_create exists in the pthreads failed with the following output:
Change Dir: /home/sahu27/Software_Development/Week2/Accelerated_Cpp_4_5/build/CMakeFiles/CMakeTmp

Run Build Command(s):/usr/bin/make cmTC_0f908/fast && /usr/bin/make -f CMakeFiles/cmTC_0f908.dir/build.make CMakeFiles/cmTC_0f908.dir/build
make[1]: Entering directory '/home/sahu27/Software_Development/Week2/Accelerated_Cpp_4_5/build/CMakeFiles/CMakeTmp'
Building C object CMakeFiles/cmTC_0f908.dir/CheckFunctionExists.c.o
/usr/bin/cc   -DCHECK_FUNCTION_EXISTS=pthread_create   -o CMakeFiles/cmTC_0f908.dir/CheckFunctionExists.c.o   -c /usr/share/cmake-3.16/Modules/CheckFunctionExists.c
Linking C executable cmTC_0f908
/usr/bin/cmake -E cmake_link_script CMakeFiles/cmTC_0f908.dir/link.txt --verbose=1
/usr/bin/cc  -DCHECK_FUNCTION_EXISTS=pthread_create    -rdynamic CMakeFiles/cmTC_0f908.dir/CheckFunctionExists.c.o  -o cmTC_0f908  -lpthreads 
/usr/bin/ld: cannot find -lpthreads
collect2: error: ld returned 1 exit status
make[1]: *** [CMakeFiles/cmTC_0f908.dir/build.make:87: cmTC_0f908] Error 1
make[1]: Leaving directory '/home/sahu27/Software_Development/Week2/Accelerated_Cpp_4_5/build/CMakeFiles/CMakeTmp'
make: *** [Makefile:121: cmTC_0f908/fast] Error 2



Performing C SOURCE FILE Test CMAKE_HAVE_LIBC_PTHREAD failed with the following output:
Change Dir: /home/sahu27/Software_Development/Week2/Accelerated_Cpp_4_5/build/CMakeFiles/CMakeTmp

Run Build Command(s):/usr/bin/make cmTC_64c4e/fast && make[1]: Entering directory '/home/sahu27/Software_Development/Week2/Accelerated_Cpp_4_5/build/CMakeFiles/CMakeTmp'
/usr/bin/make -f CMakeFiles/cmTC_64c4e.dir/build.make CMakeFiles/cmTC_64c4e.dir/build
make[2]: Entering directory '/home/sahu27/Software_Development/Week2/Accelerated_Cpp_4_5/build/CMakeFiles/CMakeTmp'
Building C object CMakeFiles/cmTC_64c4e.dir/src.c.o
/usr/bin/cc   -DCMAKE_HAVE_LIBC_PTHREAD   -o CMakeFiles/cmTC_64c4e.dir/src.c.o   -c /home/sahu27/Software_Development/Week2/Accelerated_Cpp_4_5/build/CMakeFiles/CMakeTmp/src.c
Linking C executable cmTC_64c4e
/usr/bin/cmake -E cmake_link_script CMakeFiles/cmTC_64c4e.dir/link.txt --verbose=1
/usr/bin/cc  -DCMAKE_HAVE_LIBC_PTHREAD    -rdynamic CMakeFiles/cmTC_64c4e.dir/src.c.o  -o cmTC_64c4e 
/usr/bin/ld: CMakeFiles/cmTC_64c4e.dir/src.c.o: in function `main':
src.c:(.text+0x46): undefined reference to `pthread_create'
/usr/bin/ld: src.c:(.text+0x52): undefined reference to `pthread_detach'
/usr/bin/ld: src.c:(.text+0x63): undefined reference to `pthread_join'
collect2: error: ld returned 1 exit status
make[2]: *** [CMakeFiles/cmTC_64c4e.dir/build.make:87: cmTC_64c4e] Error 1
make[2]: Leaving directory '/home/sahu27/Software_Development/Week2/Accelerated_Cpp_4_5/build/CMakeFiles/CMakeTmp'
make[1]: *** [Makefile:121: cmTC_64c4e/fast] Error 2
make[1]: Leaving directory '/home/sahu27/Software_Development/Week2/Accelerated_Cpp_4_5/build/CMakeFiles/CMakeTmp'


Source file was:
#include <pthread.h>

void* test_func(void* data)
{
  return data;
}

int main(void)
{
  pthread_t thread;
  pthread_create(&thread, NULL, test_func, NULL);
  pthread_detach(thread);
  pthread_join(thread, NULL);
  pthread_atfork(NULL, NULL, NULL);
  pthread_exit(NULL);

  return 0;
}

Determining if the function pthread_create exists in the pthreads failed with the following output:
Change Dir: /home/sahu27/Software_Development/Week2/Accelerated_Cpp_4_5/build/CMakeFiles/CMakeTmp

Run Build Command(s):/usr/bin/make cmTC_43bf4/fast && make[1]: Entering directory '/home/sahu27/Software_Development/Week2/Accelerated_Cpp_4_5/build/CMakeFiles/CMakeTmp'
/usr/bin/make -f CMakeFiles/cmTC_43bf4.dir/build.make CMakeFiles/cmTC_43bf4.dir/build
make[2]: Entering directory '/home/sahu27/Software_Development/Week2/Accelerated_Cpp_4_5/build/CMakeFiles/CMakeTmp'
Building C object CMakeFiles/cmTC_43bf4.dir/CheckFunctionExists.c.o
/usr/bin/cc   -DCHECK_FUNCTION_EXISTS=pthread_create   -o CMakeFiles/cmTC_43bf4.dir/CheckFunctionExists.c.o   -c /usr/share/cmake-3.16/Modules/CheckFunctionExists.c
Linking C executable cmTC_43bf4
/usr/bin/cmake -E cmake_link_script CMakeFiles/cmTC_43bf4.dir/link.txt --verbose=1
/usr/bin/cc  -DCHECK_FUNCTION_EXISTS=pthread_create    -rdynamic CMakeFiles/cmTC_43bf4.dir/CheckFunctionExists.c.o  -o cmTC_43bf4  -lpthreads 
/usr/bin/ld: cannot find -lpthreads
collect2: error: ld returned 1 exit status
make[2]: *** [CMakeFiles/cmTC_43bf4.dir/build.make:87: cmTC_43bf4] Error 1
make[2]: Leaving directory '/home/sahu27/Software_Development/Week2/Accelerated_Cpp_4_5/build/CMakeFiles/CMakeTmp'
make[1]: *** [Makefile:121: cmTC_43bf4/fast] Error 2
make[1]: Leaving directory '/home/sahu27/Software_Development/Week2/Accelerated_Cpp_4_5/build/CMakeFiles/CMakeTmp'



Performing C SOURCE FILE Test CMAKE_HAVE_LIBC_PTHREAD failed with the following output:
Change Dir: /home/sahu27/Software_Development/Week2/Accelerated_Cpp_4_5/build/CMakeFiles/CMakeTmp

Run Build Command(s):/usr/bin/make cmTC_c6186/fast && /usr/bin/make -f CMakeFiles/cmTC_c6186.dir/build.make CMakeFiles/cmTC_c6186.dir/build
make[1]: Entering directory '/home/sahu27/Software_Development/Week2/Accelerated_Cpp_4_5/build/CMakeFiles/CMakeTmp'
Building C object CMakeFiles/cmTC_c6186.dir/src.c.o
/usr/bin/cc   -DCMAKE_HAVE_LIBC_PTHREAD   -o CMakeFiles/cmTC_c6186.dir/src.c.o   -c /home/sahu27/Software_Development/Week2/Accelerated_Cpp_4_5/build/CMakeFiles/CMakeTmp/src.c
Linking C executable cmTC_c6186
/usr/bin/cmake -E cmake_link_script CMakeFiles/cmTC_c6186.dir/link.txt --verbose=1
/usr/bin/cc  -DCMAKE_HAVE_LIBC_PTHREAD    -rdynamic CMakeFiles/cmTC_c6186.dir/src.c.o  -o cmTC_c6186 
/usr/bin/ld: CMakeFiles/cmTC_c6186.dir/src.c.o: in function `main':
src.c:(.text+0x46): undefined reference to `pthread_create'
/usr/bin/ld: src.c:(.text+0x52): undefined reference to `pthread_detach'
/usr/bin/ld: src.c:(.text+0x63): undefined reference to `pthread_join'
collect2: error: ld returned 1 exit status
make[1]: *** [CMakeFiles/cmTC_c6186.dir/build.make:87: cmTC_c6186] Error 1
make[1]: Leaving directory '/home/sahu27/Software_Development/Week2/Accelerated_Cpp_4_5/build/CMakeFiles/CMakeTmp'
make: *** [Makefile:121: cmTC_c6186/fast] Error 2


Source file was:
#include <pthread.h>

void* test_func(void* data)
{
  return data;
}

int main(void)
{
  pthread_t thread;
  pthread_create(&thread, NULL, test_func, NULL);
  pthread_detach(thread);
  pthread_join(thread, NULL);
  pthread_atfork(NULL, NULL, NULL);
  pthread_exit(NULL);

  return 0;
}

Determining if the function pthread_create exists in the pthreads failed with the following output:
Change Dir: /home/sahu27/Software_Development/Week2/Accelerated_Cpp_4_5/build/CMakeFiles/CMakeTmp

Run Build Command(s):/usr/bin/make cmTC_6bc88/fast && /usr/bin/make -f CMakeFiles/cmTC_6bc88.dir/build.make CMakeFiles/cmTC_6bc88.dir/build
make[1]: Entering directory '/home/sahu27/Software_Development/Week2/Accelerated_Cpp_4_5/build/CMakeFiles/CMakeTmp'
Building C object CMakeFiles/cmTC_6bc88.dir/CheckFunctionExists.c.o
/usr/bin/cc   -DCHECK_FUNCTION_EXISTS=pthread_create   -o CMakeFiles/cmTC_6bc88.dir/CheckFunctionExists.c.o   -c /usr/share/cmake-3.16/Modules/CheckFunctionExists.c
Linking C executable cmTC_6bc88
/usr/bin/cmake -E cmake_link_script CMakeFiles/cmTC_6bc88.dir/link.txt --verbose=1
/usr/bin/cc  -DCHECK_FUNCTION_EXISTS=pthread_create    -rdynamic CMakeFiles/cmTC_6bc88.dir/CheckFunctionExists.c.o  -o cmTC_6bc88  -lpthreads 
/usr/bin/ld: cannot find -lpthreads
collect2: error: ld returned 1 exit status
make[1]: *** [CMakeFiles/cmTC_6bc88.dir/build.make:87: cmTC_6bc88] Error 1
make[1]: Leaving directory '/home/sahu27/Software_Development/Week2/Accelerated_Cpp_4_5/build/CMakeFiles/CMakeTmp'
make: *** [Makefile:121: cmTC_6bc88/fast] Error 2



Performing C SOURCE FILE Test CMAKE_HAVE_LIBC_PTHREAD failed with the following output:
Change Dir: /home/sahu27/Software_Development/Week2/Accelerated_Cpp_4_5/build/CMakeFiles/CMakeTmp

Run Build Command(s):/usr/bin/make cmTC_4cedd/fast && /usr/bin/make -f CMakeFiles/cmTC_4cedd.dir/build.make CMakeFiles/cmTC_4cedd.dir/build
make[1]: Entering directory '/home/sahu27/Software_Development/Week2/Accelerated_Cpp_4_5/build/CMakeFiles/CMakeTmp'
Building C object CMakeFiles/cmTC_4cedd.dir/src.c.o
/usr/bin/cc   -DCMAKE_HAVE_LIBC_PTHREAD   -o CMakeFiles/cmTC_4cedd.dir/src.c.o   -c /home/sahu27/Software_Development/Week2/Accelerated_Cpp_4_5/build/CMakeFiles/CMakeTmp/src.c
Linking C executable cmTC_4cedd
/usr/bin/cmake -E cmake_link_script CMakeFiles/cmTC_4cedd.dir/link.txt --verbose=1
/usr/bin/cc  -DCMAKE_HAVE_LIBC_PTHREAD    -rdynamic CMakeFiles/cmTC_4cedd.dir/src.c.o  -o cmTC_4cedd 
/usr/bin/ld: CMakeFiles/cmTC_4cedd.dir/src.c.o: in function `main':
src.c:(.text+0x46): undefined reference to `pthread_create'
/usr/bin/ld: src.c:(.text+0x52): undefined reference to `pthread_detach'
/usr/bin/ld: src.c:(.text+0x63): undefined reference to `pthread_join'
collect2: error: ld returned 1 exit status
make[1]: *** [CMakeFiles/cmTC_4cedd.dir/build.make:87: cmTC_4cedd] Error 1
make[1]: Leaving directory '/home/sahu27/Software_Development/Week2/Accelerated_Cpp_4_5/build/CMakeFiles/CMakeTmp'
make: *** [Makefile:121: cmTC_4cedd/fast] Error 2


Source file was:
#include <pthread.h>

void* test_func(void* data)
{
  return data;
}

int main(void)
{
  pthread_t thread;
  pthread_create(&thread, NULL, test_func, NULL);
  pthread_detach(thread);
  pthread_join(thread, NULL);
  pthread_atfork(NULL, NULL, NULL);
  pthread_exit(NULL);

  return 0;
}

Determining if the function pthread_create exists in the pthreads failed with the following output:
Change Dir: /home/sahu27/Software_Development/Week2/Accelerated_Cpp_4_5/build/CMakeFiles/CMakeTmp

Run Build Command(s):/usr/bin/make cmTC_7ac14/fast && /usr/bin/make -f CMakeFiles/cmTC_7ac14.dir/build.make CMakeFiles/cmTC_7ac14.dir/build
make[1]: Entering directory '/home/sahu27/Software_Development/Week2/Accelerated_Cpp_4_5/build/CMakeFiles/CMakeTmp'
Building C object CMakeFiles/cmTC_7ac14.dir/CheckFunctionExists.c.o
/usr/bin/cc   -DCHECK_FUNCTION_EXISTS=pthread_create   -o CMakeFiles/cmTC_7ac14.dir/CheckFunctionExists.c.o   -c /usr/share/cmake-3.16/Modules/CheckFunctionExists.c
Linking C executable cmTC_7ac14
/usr/bin/cmake -E cmake_link_script CMakeFiles/cmTC_7ac14.dir/link.txt --verbose=1
/usr/bin/cc  -DCHECK_FUNCTION_EXISTS=pthread_create    -rdynamic CMakeFiles/cmTC_7ac14.dir/CheckFunctionExists.c.o  -o cmTC_7ac14  -lpthreads 
/usr/bin/ld: cannot find -lpthreads
collect2: error: ld returned 1 exit status
make[1]: *** [CMakeFiles/cmTC_7ac14.dir/build.make:87: cmTC_7ac14] Error 1
make[1]: Leaving directory '/home/sahu27/Software_Development/Week2/Accelerated_Cpp_4_5/build/CMakeFiles/CMakeTmp'
make: *** [Makefile:121: cmTC_7ac14/fast] Error 2



